<?xml version="1.0" encoding="UTF-8"?>
<!-- Generated by org.testng.reporters.JUnitReportReporter -->
<testsuite hostname="LTIN219977" failures="0" tests="5" name="tests.TS_CourseSearch" time="34.691" errors="0" timestamp="2021-09-28T11:18:48 IST" skipped="0">
  <testcase classname="tests.TS_CourseSearch" name="TC_SearchTextBox" time="10.705"/>
  <testcase classname="tests.TS_CourseSearch" name="TC_FilterLanguage" time="7.830"/>
  <testcase classname="tests.TS_CourseSearch" name="TC_FilterLevel" time="5.368"/>
  <testcase classname="tests.TS_CourseSearch" name="TC_CourseAvailability" time="0.565"/>
  <testcase classname="tests.TS_CourseSearch" name="TC_CourseDuration" time="10.223"/>
</testsuite> <!-- tests.TS_CourseSearch -->
