<?xml version="1.0" encoding="UTF-8"?>
<!-- Generated by org.testng.reporters.JUnitReportReporter -->
<testsuite hostname="LTIN219977" failures="0" tests="11" name="tests.TS_FormFillupInvalid" time="111.777" errors="0" timestamp="2021-09-29T12:51:08 IST" skipped="0">
  <testcase classname="tests.TS_FormFillupInvalid" name="TC_InvalidFirstName" time="7.268"/>
  <testcase classname="tests.TS_FormFillupInvalid" name="TC_InvalidLastName" time="9.086"/>
  <testcase classname="tests.TS_FormFillupInvalid" name="TC_InvalidJobFunction" time="8.882"/>
  <testcase classname="tests.TS_FormFillupInvalid" name="TC_InvalidJobTitle" time="11.937"/>
  <testcase classname="tests.TS_FormFillupInvalid" name="TC_InvalidEmail" time="6.331"/>
  <testcase classname="tests.TS_FormFillupInvalid" name="TC_InvalidPhoneNo" time="16.876"/>
  <testcase classname="tests.TS_FormFillupInvalid" name="TC_InvalidInstitutionName" time="8.630"/>
  <testcase classname="tests.TS_FormFillupInvalid" name="TC_InvalidInstitutionType" time="9.899"/>
  <testcase classname="tests.TS_FormFillupInvalid" name="TC_InvalidPrimaryDiscipline" time="8.698"/>
  <testcase classname="tests.TS_FormFillupInvalid" name="TC_InvalidCountry" time="14.870"/>
  <testcase classname="tests.TS_FormFillupInvalid" name="TC_InvalidState" time="9.300"/>
</testsuite> <!-- tests.TS_FormFillupInvalid -->
