<?xml version="1.0" encoding="UTF-8"?>
<!-- Generated by org.testng.reporters.JUnitReportReporter -->
<testsuite hostname="LTIN219977" failures="0" tests="1" name="tests.TS_FormFillupValid" time="30.750" errors="0" timestamp="2021-09-28T12:20:02 IST" skipped="0">
  <testcase classname="tests.TS_FormFillupValid" name="TC_validData" time="30.750"/>
</testsuite> <!-- tests.TS_FormFillupValid -->
