<?xml version="1.0" encoding="UTF-8"?>
<!-- Generated by org.testng.reporters.JUnitReportReporter -->
<testsuite hostname="skull-scyther" failures="0" tests="6" name="tests.TS_CourseSearch" time="33.999" errors="0" timestamp="2020-11-05T01:55:22 IST" skipped="0">
  <testcase classname="tests.TS_CourseSearch" name="TC_SearchTextBox" time="6.581"/>
  <testcase classname="tests.TS_CourseSearch" name="TC_SearchButtonClickable" time="3.577"/>
  <testcase classname="tests.TS_CourseSearch" name="TC_FilterLanguage" time="11.101"/>
  <testcase classname="tests.TS_CourseSearch" name="TC_FilterLevel" time="2.985"/>
  <testcase classname="tests.TS_CourseSearch" name="TC_CourseAvailability" time="0.241"/>
  <testcase classname="tests.TS_CourseSearch" name="TC_CourseDuration" time="9.514"/>
</testsuite> <!-- tests.TS_CourseSearch -->
