<?xml version="1.0" encoding="UTF-8"?>
<!-- Generated by org.testng.reporters.JUnitReportReporter -->
<testsuite hostname="LAPTOP-4NJ7NU6S" failures="0" tests="3" name="tests.courseSearch" time="58.944" errors="0" timestamp="2020-10-26T14:56:27 IST" skipped="0">
  <testcase classname="tests.courseSearch" name="filterDetails" time="15.125"/>
  <testcase classname="tests.courseSearch" name="fillFormIncorrectData" time="34.112"/>
  <testcase classname="tests.courseSearch" name="fillFormCorrectData" time="9.707"/>
</testsuite> <!-- tests.courseSearch -->
