<?xml version="1.0" encoding="UTF-8"?>
<!-- Generated by org.testng.reporters.JUnitReportReporter -->
<testsuite hostname="LTIN219977" failures="0" tests="1" name="tests.TS_CourseSearch" time="2.409" errors="0" timestamp="2021-09-27T19:10:45 IST" skipped="0">
  <testcase classname="tests.TS_CourseSearch" name="TC_SearchTextBox" time="2.409"/>
</testsuite> <!-- tests.TS_CourseSearch -->
