<?xml version="1.0" encoding="UTF-8"?>
<!-- Generated by org.testng.reporters.JUnitReportReporter -->
<testsuite hostname="skull-scyther" failures="0" tests="10" name="tests.TS_FormFillupInvalid" time="169.384" errors="0" timestamp="2020-11-05T01:55:22 IST" skipped="0">
  <testcase classname="tests.TS_FormFillupInvalid" name="TC_InvalidEmail" time="50.060"/>
  <testcase classname="tests.TS_FormFillupInvalid" name="TC_wrongData1" time="13.418"/>
  <testcase classname="tests.TS_FormFillupInvalid" name="TC_wrongData2" time="13.444"/>
  <testcase classname="tests.TS_FormFillupInvalid" name="TC_wrongData3" time="13.360"/>
  <testcase classname="tests.TS_FormFillupInvalid" name="TC_wrongData4" time="13.306"/>
  <testcase classname="tests.TS_FormFillupInvalid" name="TC_wrongData5" time="12.934"/>
  <testcase classname="tests.TS_FormFillupInvalid" name="TC_wrongData6" time="13.095"/>
  <testcase classname="tests.TS_FormFillupInvalid" name="TC_wrongData7" time="13.450"/>
  <testcase classname="tests.TS_FormFillupInvalid" name="TC_wrongData8" time="13.382"/>
  <testcase classname="tests.TS_FormFillupInvalid" name="TC_wrongData9" time="12.935"/>
</testsuite> <!-- tests.TS_FormFillupInvalid -->
