<?xml version="1.0" encoding="UTF-8"?>
<!-- Generated by org.testng.reporters.JUnitReportReporter -->
<testsuite hostname="LTIN219977" failures="0" tests="11" name="tests.TS_FormFillupInvalid" time="116.452" errors="0" timestamp="2021-09-28T12:26:31 IST" skipped="0">
  <testcase classname="tests.TS_FormFillupInvalid" name="TC_InvalidEmail" time="8.770"/>
  <testcase classname="tests.TS_FormFillupInvalid" name="TC_wrongData1" time="9.498"/>
  <testcase classname="tests.TS_FormFillupInvalid" name="TC_wrongData2" time="9.394"/>
  <testcase classname="tests.TS_FormFillupInvalid" name="TC_wrongData3" time="9.702"/>
  <testcase classname="tests.TS_FormFillupInvalid" name="TC_wrongData4" time="9.563"/>
  <testcase classname="tests.TS_FormFillupInvalid" name="TC_wrongData5" time="9.823"/>
  <testcase classname="tests.TS_FormFillupInvalid" name="TC_wrongData6" time="9.684"/>
  <testcase classname="tests.TS_FormFillupInvalid" name="TC_wrongData7" time="11.852"/>
  <testcase classname="tests.TS_FormFillupInvalid" name="TC_wrongData8" time="9.296"/>
  <testcase classname="tests.TS_FormFillupInvalid" name="TC_wrongData9" time="19.392"/>
  <testcase classname="tests.TS_FormFillupInvalid" name="TC_wrongData10" time="9.478"/>
</testsuite> <!-- tests.TS_FormFillupInvalid -->
