<?xml version="1.0" encoding="UTF-8"?>
<!-- Generated by org.testng.reporters.JUnitReportReporter -->
<testsuite hostname="LTIN219977" failures="0" tests="5" name="tests.TS_CourseSearch" time="29.711" errors="0" timestamp="2021-09-29T12:51:08 IST" skipped="0">
  <testcase classname="tests.TS_CourseSearch" name="TC_SearchTextBox" time="10.676"/>
  <testcase classname="tests.TS_CourseSearch" name="TC_FilterLanguage" time="4.653"/>
  <testcase classname="tests.TS_CourseSearch" name="TC_FilterLevel" time="2.611"/>
  <testcase classname="tests.TS_CourseSearch" name="TC_CourseAvailability" time="0.505"/>
  <testcase classname="tests.TS_CourseSearch" name="TC_CourseDuration" time="11.266"/>
</testsuite> <!-- tests.TS_CourseSearch -->
