<?xml version="1.0" encoding="UTF-8"?>
<!-- Generated by org.testng.reporters.JUnitReportReporter -->
<testsuite hostname="skull-scyther" failures="0" tests="1" name="tests.TS_FormFillupValid" time="26.618" errors="0" timestamp="2020-11-05T01:55:22 IST" skipped="0">
  <testcase classname="tests.TS_FormFillupValid" name="TC_validData" time="26.618"/>
</testsuite> <!-- tests.TS_FormFillupValid -->
