<?xml version="1.0" encoding="UTF-8"?>
<!-- Generated by org.testng.reporters.JUnitReportReporter -->
<testsuite hostname="LTIN219977" failures="0" tests="4" name="tests.TS_Filter" time="24.664" errors="0" timestamp="2021-09-28T11:18:48 IST" skipped="0">
  <testcase classname="tests.TS_Filter" name="languagesDisplayed" time="20.565"/>
  <testcase classname="tests.TS_Filter" name="extractLanguageDetails" time="3.584"/>
  <testcase classname="tests.TS_Filter" name="levelsDisplayed" time="0.219"/>
  <testcase classname="tests.TS_Filter" name="extractLevelsDetails" time="0.296"/>
</testsuite> <!-- tests.TS_Filter -->
