<?xml version="1.0" encoding="UTF-8"?>
<!-- Generated by org.testng.reporters.JUnitReportReporter -->
<testsuite hostname="skull-scyther" failures="0" tests="4" name="tests.TS_Filter" time="15.005" errors="0" timestamp="2020-11-05T01:55:22 IST" skipped="0">
  <testcase classname="tests.TS_Filter" name="languagesDisplayed" time="11.520"/>
  <testcase classname="tests.TS_Filter" name="extractLanguageDetails" time="2.422"/>
  <testcase classname="tests.TS_Filter" name="levelsDisplayed" time="0.901"/>
  <testcase classname="tests.TS_Filter" name="extractLevelsDetails" time="0.162"/>
</testsuite> <!-- tests.TS_Filter -->
