<?xml version="1.0" encoding="UTF-8"?>
<!-- Generated by org.testng.reporters.JUnitReportReporter -->
<testsuite hostname="LTIN219977" failures="0" tests="1" name="tests.TS_FormFillupValid" time="21.686" errors="0" timestamp="2021-09-29T12:51:08 IST" skipped="0">
  <testcase classname="tests.TS_FormFillupValid" name="TC_validData" time="21.686"/>
</testsuite> <!-- tests.TS_FormFillupValid -->
