<?xml version="1.0" encoding="UTF-8"?>
<!-- Generated by org.testng.reporters.JUnitReportReporter -->
<testsuite hostname="LTIN219977" failures="0" tests="4" name="tests.TS_Filter" time="18.538" errors="0" timestamp="2021-09-29T12:51:08 IST" skipped="0">
  <testcase classname="tests.TS_Filter" name="languagesDisplayed" time="14.677"/>
  <testcase classname="tests.TS_Filter" name="extractLanguageDetails" time="3.538"/>
  <testcase classname="tests.TS_Filter" name="levelsDisplayed" time="0.112"/>
  <testcase classname="tests.TS_Filter" name="extractLevelsDetails" time="0.211"/>
</testsuite> <!-- tests.TS_Filter -->
